# JRE version: OpenJDK Runtime Environment (26.0+35) (build 26+35-2893)
# Java VM: OpenJDK 64-Bit Server VM (26+35-2893, mixed mode, sharing, tiered, compressed oops, compressed class ptrs, g1 gc, windows-amd64)
GC Precious Log:
 CardTable entry size: 512
 Card Set container configuration: InlinePtr #cards 4 size 8 Array Of Cards #cards 16 size 48 Howl #buckets 8 coarsen threshold 3686 Howl Bitmap #cards 512 size 80 coarsen threshold 460 Card regions per heap region 1 cards per card region 4096
 CPUs: 16 total, 16 available
 Memory: 16307M
 Large Page Support: Disabled
 NUMA Support: Disabled
 Compressed Oops: Enabled (Zero based)
 Heap Region Size: 2M
 Heap Min Capacity: 8M
 Heap Initial Capacity: 8M
 Heap Max Capacity: 4078M
 Pre-touch: Disabled
 Parallel Workers: 13
 Concurrent Workers: 3
 Concurrent Refinement Workers: 13
 Periodic GC: Disabled
Heap:
 garbage-first heap   total reserved 4175872K, committed 92160K, used 44013K [0x0000000701200000, 0x0000000800000000)
  region size 2M, 18 eden (36M), 2 survivor (4M), 4 old (8M), 0 humongous (0M), 21 free (42M)
GC Heap Usage History (18 events):
Event: 0.104 {heap Before GC invocations=0 (full 0):
 garbage-first heap   total reserved 4175872K, committed 10240K, used 3231K [0x0000000701200000, 0x0000000800000000)
  region size 2M, 1 eden (2M), 0 survivor (0M), 1 old (2M), 0 humongous (0M), 3 free (6M)
}
Event: 0.105 {heap After GC invocations=1 (full 0):
 garbage-first heap   total reserved 4175872K, committed 10240K, used 2015K [0x0000000701200000, 0x0000000800000000)
  region size 2M, 0 eden (0M), 1 survivor (2M), 1 old (2M), 0 humongous (0M), 3 free (6M)
}
Event: 0.136 {heap Before GC invocations=1 (full 0):
 garbage-first heap   total reserved 4175872K, committed 10240K, used 2015K [0x0000000701200000, 0x0000000800000000)
  region size 2M, 1 eden (2M), 1 survivor (2M), 1 old (2M), 0 humongous (0M), 2 free (4M)
}
Event: 0.137 {heap After GC invocations=2 (full 0):
 garbage-first heap   total reserved 4175872K, committed 10240K, used 1953K [0x0000000701200000, 0x0000000800000000)
  region size 2M, 0 eden (0M), 1 survivor (2M), 1 old (2M), 0 humongous (0M), 3 free (6M)
}
Event: 0.150 {heap Before GC invocations=2 (full 0):
 garbage-first heap   total reserved 4175872K, committed 10240K, used 1953K [0x0000000701200000, 0x0000000800000000)
  region size 2M, 1 eden (2M), 1 survivor (2M), 1 old (2M), 0 humongous (0M), 2 free (4M)
}
Event: 0.151 {heap After GC invocations=3 (full 0):
 garbage-first heap   total reserved 4175872K, committed 10240K, used 2908K [0x0000000701200000, 0x0000000800000000)
  region size 2M, 0 eden (0M), 1 survivor (2M), 1 old (2M), 0 humongous (0M), 3 free (6M)
}
Event: 0.162 {heap Before GC invocations=3 (full 0):
 garbage-first heap   total reserved 4175872K, committed 10240K, used 4956K [0x0000000701200000, 0x0000000800000000)
  region size 2M, 1 eden (2M), 1 survivor (2M), 1 old (2M), 0 humongous (0M), 2 free (4M)
}
Event: 0.164 {heap After GC invocations=4 (full 0):
 garbage-first heap   total reserved 4175872K, committed 30720K, used 4214K [0x0000000701200000, 0x0000000800000000)
  region size 2M, 0 eden (0M), 1 survivor (2M), 2 old (4M), 0 humongous (0M), 12 free (24M)
}
Event: 0.271 {heap Before GC invocations=4 (full 0):
 garbage-first heap   total reserved 4175872K, committed 30720K, used 12406K [0x0000000701200000, 0x0000000800000000)
  region size 2M, 5 eden (10M), 1 survivor (2M), 2 old (4M), 0 humongous (0M), 7 free (14M)
}
Event: 0.273 {heap After GC invocations=5 (full 0):
 garbage-first heap   total reserved 4175872K, committed 30720K, used 5296K [0x0000000701200000, 0x0000000800000000)
  region size 2M, 0 eden (0M), 1 survivor (2M), 3 old (6M), 0 humongous (0M), 11 free (22M)
}
Event: 0.367 {heap Before GC invocations=5 (full 0):
 garbage-first heap   total reserved 4175872K, committed 30720K, used 13488K [0x0000000701200000, 0x0000000800000000)
  region size 2M, 4 eden (8M), 1 survivor (2M), 3 old (6M), 0 humongous (0M), 7 free (14M)
}
Event: 0.368 {heap After GC invocations=6 (full 0):
 garbage-first heap   total reserved 4175872K, committed 30720K, used 5907K [0x0000000701200000, 0x0000000800000000)
  region size 2M, 0 eden (0M), 1 survivor (2M), 3 old (6M), 0 humongous (0M), 11 free (22M)
}
Event: 0.463 {heap Before GC invocations=6 (full 0):
 garbage-first heap   total reserved 4175872K, committed 30720K, used 14099K [0x0000000701200000, 0x0000000800000000)
  region size 2M, 5 eden (10M), 1 survivor (2M), 3 old (6M), 0 humongous (0M), 6 free (12M)
}
Event: 0.466 {heap After GC invocations=7 (full 0):
 garbage-first heap   total reserved 4175872K, committed 30720K, used 6716K [0x0000000701200000, 0x0000000800000000)
  region size 2M, 0 eden (0M), 1 survivor (2M), 3 old (6M), 0 humongous (0M), 11 free (22M)
}
Event: 0.645 {heap Before GC invocations=7 (full 0):
 garbage-first heap   total reserved 4175872K, committed 30720K, used 14908K [0x0000000701200000, 0x0000000800000000)
  region size 2M, 5 eden (10M), 1 survivor (2M), 3 old (6M), 0 humongous (0M), 6 free (12M)
}
Event: 0.647 {heap After GC invocations=8 (full 0):
 garbage-first heap   total reserved 4175872K, committed 92160K, used 7413K [0x0000000701200000, 0x0000000800000000)
  region size 2M, 0 eden (0M), 1 survivor (2M), 4 old (8M), 0 humongous (0M), 40 free (80M)
}
Event: 0.774 {heap Before GC invocations=8 (full 0):
 garbage-first heap   total reserved 4175872K, committed 92160K, used 17653K [0x0000000701200000, 0x0000000800000000)
  region size 2M, 7 eden (14M), 1 survivor (2M), 4 old (8M), 0 humongous (0M), 33 free (66M)
}
Event: 0.777 {heap After GC invocations=9 (full 0):
 garbage-first heap   total reserved 4175872K, committed 92160K, used 9197K [0x0000000701200000, 0x0000000800000000)
  region size 2M, 0 eden (0M), 2 survivor (4M), 4 old (8M), 0 humongous (0M), 39 free (78M)
}

